Translacja Solid Edge do STL
Data: Tuesday,October 14,2025 10:55AM
Plik Ÿród³owy:C:\Users\mpiwowarski\OneDrive\SOLIDEDGe\ObudowaKontroleragora.par
System Ÿród³owy: SOLID EDGE

Sprzêt:
Procesor: 12th Gen Intel(R) Core(TM) i5-12500H
System operacyjny: Windows 10 Professional
Zainstalowana pamiêæ: 15,73 GB

Informacje o oprogramowaniu:
Wersja Parasolid: 37.0.118
Wersja PSBodyshop: 37.0.94
Wersja adaptera STL: 15.0.142
Wersja Solid Edge: 225.00.01.004 x64

Opcje eksportu STL:
Format pliku wynikowego:BINARY
Eksport wyœwietlanych czêœci:Wy³.
structureOption: Monolithic
Eksport jednostek:Millimeter
Eksport wartoœci tolerancji:0,001000
Eksport typu tolerancji:Fine
Eksport wartoœci k¹ta p³aszczyzny:0,523599

Postêp translacji:
Proces translacji zosta³ zakoñczony
Czas wymagany do translacji:00 : 00 : 00
