Translacja Solid Edge do STL
Data: pi¹tek,wrzesieñ 26,2025 11:45PM
Plik Ÿród³owy:C:\Users\mateu\OneDrive\SOLIDEDGe\przycisk silkikonowy.par
System Ÿród³owy: SOLID EDGE

Sprzêt:
Procesor: Intel(R) Xeon(R) CPU E5-2630 v2 @ 2.60GHz
System operacyjny: Windows 10 Professional
Zainstalowana pamiêæ: 15,91 GB

Informacje o oprogramowaniu:
Wersja Parasolid: 37.0.118
Wersja PSBodyshop: 37.0.94
Wersja adaptera STL: 15.0.142
Wersja Solid Edge: 225.00.01.004 x64

Opcje eksportu STL:
Format pliku wynikowego:BINARY
Eksport wyœwietlanych czêœci:Wy³.
structureOption: Monolithic
Eksport jednostek:Millimeter
Eksport wartoœci tolerancji:0,001000
Eksport typu tolerancji:Fine
Eksport wartoœci k¹ta p³aszczyzny:0,523599

Postêp translacji:
Proces translacji zosta³ zakoñczony
Czas wymagany do translacji:00 : 00 : 00
