Translacja Solid Edge do STL
Data: czwartek,wrzesień 25,2025 05:52PM
Plik źródłowy:C:\Users\mateu\OneDrive\SOLIDEDGe\WyświeltaczOLED.par
System źródłowy: SOLID EDGE

Sprzęt:
Procesor: Intel(R) Xeon(R) CPU E5-2630 v2 @ 2.60GHz
System operacyjny: Windows 10 Professional
Zainstalowana pamięć: 15,91 GB

Informacje o oprogramowaniu:
Wersja Parasolid: 37.0.118
Wersja PSBodyshop: 37.0.94
Wersja adaptera STL: 15.0.142
Wersja Solid Edge: 225.00.01.004 x64

Opcje eksportu STL:
Format pliku wynikowego:BINARY
Eksport wyświetlanych części:Wył.
structureOption: Monolithic
Eksport jednostek:Millimeter
Eksport wartości tolerancji:0,001000
Eksport typu tolerancji:Fine
Eksport wartości kąta płaszczyzny:0,523599

Postęp translacji:
Proces translacji został zakończony
Czas wymagany do translacji:00 : 00 : 01
