Translacja STEP do Solid Edge
Data: czwartek,październik 09,2025 01:46PM
Plik źródłowy: C:\Users\mpiwowarski\OneDrive\Dokumenty\MPe_V6_WORK\MPeV6PCB\MPeV6PCBstl.step
Autor: Pcbnew
Organizacja: Kicad
System źródłowy: KiCad to STEP converter

Sprzęt:
Procesor: 12th Gen Intel(R) Core(TM) i5-12500H
System operacyjny: Windows 11 Professional Version:24H2 Build:26100 System Type:64-bit
Zainstalowana pamięć: 15.73 GB

Informacje o oprogramowaniu
Wersja Parasolid: 37.0.118
Wersja PSBodyShop: 37.0.94
Wersja adaptera Step: 15.0.142
Wersja Solid Edge: 225.00.01.004 x64

Opcje importu STEP
Importuj bryły uproszczone: Włącz
Importuj bryły kontrolne: Wyłącz
Importuj krzywe: Włącz
Importuj bez zapisu: Włącz
Importuj wiele obiektów jako pojedynczy plik części: Włącz
Optymalizacja importu:Wyłącz
Importuj powierzchnie zszywane: Włącz
Importuj obiekty bryłowe operacji Boole'a: Włącz
Utwórz element podstawowy: Włącz
Upraszczaj geometrię: Włącz
Importuj krzywe odciśnięte: Włącz
Importuj napęd: C:
Importuj powierzchnie zszywane: Włącz
Importuj powierzchnie: Włącz
Importuj ścieżkę wyjściową: C:\Users\mpiwowarski\OneDrive\Dokumenty\MPe_V6_WORK\MPeV6PCB
Importuj domyślną ścieżkę wyjściową: Włącz
Importuj PMI: Wyłącz
Importuj jako komponenty wewnętrzne: Wyłącz
Ścieżka importu: 

Translacja do typów danych Parasolid...
+Początek złożenia: 1
+Utworzono plik złożenia SE C:\Users\mpiwowarski\OneDrive\Dokumenty\MPe_V6_WORK\MPeV6PCB\MPeV6PCBstl.asm
|--+Utworzono plik części SE C:\Users\mpiwowarski\OneDrive\Dokumenty\MPe_V6_WORK\MPeV6PCB\R_0805_2012Metric.par
|--+Ponowne użycie pliku C:\Users\mpiwowarski\OneDrive\Dokumenty\MPe_V6_WORK\MPeV6PCB\R_0805_2012Metric.par
|--+Ponowne użycie pliku C:\Users\mpiwowarski\OneDrive\Dokumenty\MPe_V6_WORK\MPeV6PCB\R_0805_2012Metric.par
|--+Ponowne użycie pliku C:\Users\mpiwowarski\OneDrive\Dokumenty\MPe_V6_WORK\MPeV6PCB\R_0805_2012Metric.par
|--+Ponowne użycie pliku C:\Users\mpiwowarski\OneDrive\Dokumenty\MPe_V6_WORK\MPeV6PCB\R_0805_2012Metric.par
|--+Ponowne użycie pliku C:\Users\mpiwowarski\OneDrive\Dokumenty\MPe_V6_WORK\MPeV6PCB\R_0805_2012Metric.par
|--+Ponowne użycie pliku C:\Users\mpiwowarski\OneDrive\Dokumenty\MPe_V6_WORK\MPeV6PCB\R_0805_2012Metric.par
|--+Ponowne użycie pliku C:\Users\mpiwowarski\OneDrive\Dokumenty\MPe_V6_WORK\MPeV6PCB\R_0805_2012Metric.par
|--+Ponowne użycie pliku C:\Users\mpiwowarski\OneDrive\Dokumenty\MPe_V6_WORK\MPeV6PCB\R_0805_2012Metric.par
|--+Ponowne użycie pliku C:\Users\mpiwowarski\OneDrive\Dokumenty\MPe_V6_WORK\MPeV6PCB\R_0805_2012Metric.par
|--+Utworzono plik części SE C:\Users\mpiwowarski\OneDrive\Dokumenty\MPe_V6_WORK\MPeV6PCB\SW_DIP_SPSTx02_Slide_9.78x7.26mm_W7.62mm_P2.54mm.par
|--+Ponowne użycie pliku C:\Users\mpiwowarski\OneDrive\Dokumenty\MPe_V6_WORK\MPeV6PCB\R_0805_2012Metric.par
|--+Ponowne użycie pliku C:\Users\mpiwowarski\OneDrive\Dokumenty\MPe_V6_WORK\MPeV6PCB\R_0805_2012Metric.par
|--+Ponowne użycie pliku C:\Users\mpiwowarski\OneDrive\Dokumenty\MPe_V6_WORK\MPeV6PCB\R_0805_2012Metric.par
|--+Ponowne użycie pliku C:\Users\mpiwowarski\OneDrive\Dokumenty\MPe_V6_WORK\MPeV6PCB\R_0805_2012Metric.par
|--+Ponowne użycie pliku C:\Users\mpiwowarski\OneDrive\Dokumenty\MPe_V6_WORK\MPeV6PCB\R_0805_2012Metric.par
|--+Ponowne użycie pliku C:\Users\mpiwowarski\OneDrive\Dokumenty\MPe_V6_WORK\MPeV6PCB\R_0805_2012Metric.par
|--+Ponowne użycie pliku C:\Users\mpiwowarski\OneDrive\Dokumenty\MPe_V6_WORK\MPeV6PCB\R_0805_2012Metric.par
|--+Ponowne użycie pliku C:\Users\mpiwowarski\OneDrive\Dokumenty\MPe_V6_WORK\MPeV6PCB\R_0805_2012Metric.par
|--+Ponowne użycie pliku C:\Users\mpiwowarski\OneDrive\Dokumenty\MPe_V6_WORK\MPeV6PCB\R_0805_2012Metric.par
|--+Ponowne użycie pliku C:\Users\mpiwowarski\OneDrive\Dokumenty\MPe_V6_WORK\MPeV6PCB\R_0805_2012Metric.par
|--+Ponowne użycie pliku C:\Users\mpiwowarski\OneDrive\Dokumenty\MPe_V6_WORK\MPeV6PCB\R_0805_2012Metric.par
|--+Ponowne użycie pliku C:\Users\mpiwowarski\OneDrive\Dokumenty\MPe_V6_WORK\MPeV6PCB\R_0805_2012Metric.par
|--+Ponowne użycie pliku C:\Users\mpiwowarski\OneDrive\Dokumenty\MPe_V6_WORK\MPeV6PCB\R_0805_2012Metric.par
|--+Ponowne użycie pliku C:\Users\mpiwowarski\OneDrive\Dokumenty\MPe_V6_WORK\MPeV6PCB\R_0805_2012Metric.par
|--+Ponowne użycie pliku C:\Users\mpiwowarski\OneDrive\Dokumenty\MPe_V6_WORK\MPeV6PCB\R_0805_2012Metric.par
|--+Ponowne użycie pliku C:\Users\mpiwowarski\OneDrive\Dokumenty\MPe_V6_WORK\MPeV6PCB\SW_DIP_SPSTx02_Slide_9.78x7.26mm_W7.62mm_P2.54mm.par
|--+Ponowne użycie pliku C:\Users\mpiwowarski\OneDrive\Dokumenty\MPe_V6_WORK\MPeV6PCB\R_0805_2012Metric.par
|--+Ponowne użycie pliku C:\Users\mpiwowarski\OneDrive\Dokumenty\MPe_V6_WORK\MPeV6PCB\R_0805_2012Metric.par
|--+Ponowne użycie pliku C:\Users\mpiwowarski\OneDrive\Dokumenty\MPe_V6_WORK\MPeV6PCB\R_0805_2012Metric.par
|--+Ponowne użycie pliku C:\Users\mpiwowarski\OneDrive\Dokumenty\MPe_V6_WORK\MPeV6PCB\R_0805_2012Metric.par
|--+Utworzono plik części SE C:\Users\mpiwowarski\OneDrive\Dokumenty\MPe_V6_WORK\MPeV6PCB\D_MELF.par
|--+Utworzono plik części SE C:\Users\mpiwowarski\OneDrive\Dokumenty\MPe_V6_WORK\MPeV6PCB\C_0603_1608Metric.par
|--+Ponowne użycie pliku C:\Users\mpiwowarski\OneDrive\Dokumenty\MPe_V6_WORK\MPeV6PCB\C_0603_1608Metric.par
|--+Ponowne użycie pliku C:\Users\mpiwowarski\OneDrive\Dokumenty\MPe_V6_WORK\MPeV6PCB\R_0805_2012Metric.par
|--+Ponowne użycie pliku C:\Users\mpiwowarski\OneDrive\Dokumenty\MPe_V6_WORK\MPeV6PCB\R_0805_2012Metric.par
|--+Ponowne użycie pliku C:\Users\mpiwowarski\OneDrive\Dokumenty\MPe_V6_WORK\MPeV6PCB\R_0805_2012Metric.par
|--+Ponowne użycie pliku C:\Users\mpiwowarski\OneDrive\Dokumenty\MPe_V6_WORK\MPeV6PCB\R_0805_2012Metric.par
|--+Ponowne użycie pliku C:\Users\mpiwowarski\OneDrive\Dokumenty\MPe_V6_WORK\MPeV6PCB\C_0603_1608Metric.par
|--+Ponowne użycie pliku C:\Users\mpiwowarski\OneDrive\Dokumenty\MPe_V6_WORK\MPeV6PCB\C_0603_1608Metric.par
|--+Ponowne użycie pliku C:\Users\mpiwowarski\OneDrive\Dokumenty\MPe_V6_WORK\MPeV6PCB\C_0603_1608Metric.par
|--+Ponowne użycie pliku C:\Users\mpiwowarski\OneDrive\Dokumenty\MPe_V6_WORK\MPeV6PCB\C_0603_1608Metric.par
|--+Ponowne użycie pliku C:\Users\mpiwowarski\OneDrive\Dokumenty\MPe_V6_WORK\MPeV6PCB\R_0805_2012Metric.par
|--+Ponowne użycie pliku C:\Users\mpiwowarski\OneDrive\Dokumenty\MPe_V6_WORK\MPeV6PCB\R_0805_2012Metric.par
|--+Ponowne użycie pliku C:\Users\mpiwowarski\OneDrive\Dokumenty\MPe_V6_WORK\MPeV6PCB\D_MELF.par
|--+Ponowne użycie pliku C:\Users\mpiwowarski\OneDrive\Dokumenty\MPe_V6_WORK\MPeV6PCB\C_0603_1608Metric.par
|--+Utworzono plik części SE C:\Users\mpiwowarski\OneDrive\Dokumenty\MPe_V6_WORK\MPeV6PCB\MPeV6PCB_PCB.par
+Wszystkich części: 52
+Złożeń: 0
+Brył: 52
+Obiektów powierzchniowych: 0
+Koniec złożenia: 1
Proces translacji został zakończony
Całkowity czas wymagany do translacji i dalszego przetwarzania:00 : 00 : 01
